2020-06-26 08:57:13 WARN  NativeCodeLoader:62 - Unable to load native-hadoop library for your platform... using builtin-java classes where applicable
2020-06-26 08:57:13 INFO  deprecation:1049 - session.id is deprecated. Instead, use dfs.metrics.session-id
2020-06-26 08:57:13 INFO  JvmMetrics:76 - Initializing JVM Metrics with processName=JobTracker, sessionId=
2020-06-26 08:57:13 WARN  JobSubmitter:261 - No job jar file set.  User classes may not be found. See Job or Job#setJar(String).
2020-06-26 08:57:13 INFO  FileInputFormat:281 - Total input paths to process : 1
2020-06-26 08:57:13 INFO  JobSubmitter:494 - number of splits:1
2020-06-26 08:57:13 INFO  JobSubmitter:583 - Submitting tokens for job: job_local1516140114_0001
2020-06-26 08:57:13 INFO  Job:1300 - The url to track the job: http://localhost:8080/
2020-06-26 08:57:13 INFO  Job:1345 - Running job: job_local1516140114_0001
2020-06-26 08:57:13 INFO  LocalJobRunner:471 - OutputCommitter set in config null
2020-06-26 08:57:13 INFO  LocalJobRunner:489 - OutputCommitter is org.apache.hadoop.mapreduce.lib.output.FileOutputCommitter
2020-06-26 08:57:13 INFO  LocalJobRunner:448 - Waiting for map tasks
2020-06-26 08:57:13 INFO  LocalJobRunner:224 - Starting task: attempt_local1516140114_0001_m_000000_0
2020-06-26 08:57:13 INFO  Task:587 -  Using ResourceCalculatorProcessTree : [ ]
2020-06-26 08:57:13 INFO  MapTask:753 - Processing split: file:/home/ravigupta/Workspace/bigdata/mapreduce/data/input.txt:0+170706
2020-06-26 08:57:13 INFO  MapTask:1202 - (EQUATOR) 0 kvi 26214396(104857584)
2020-06-26 08:57:13 INFO  MapTask:995 - mapreduce.task.io.sort.mb: 100
2020-06-26 08:57:13 INFO  MapTask:996 - soft limit at 83886080
2020-06-26 08:57:13 INFO  MapTask:997 - bufstart = 0; bufvoid = 104857600
2020-06-26 08:57:13 INFO  MapTask:998 - kvstart = 26214396; length = 6553600
2020-06-26 08:57:13 INFO  MapTask:402 - Map output collector class = org.apache.hadoop.mapred.MapTask$MapOutputBuffer
2020-06-26 08:57:14 INFO  LocalJobRunner:591 - 
2020-06-26 08:57:14 INFO  MapTask:1457 - Starting flush of map output
2020-06-26 08:57:14 INFO  MapTask:1475 - Spilling map output
2020-06-26 08:57:14 INFO  MapTask:1476 - bufstart = 0; bufend = 355296; bufvoid = 104857600
2020-06-26 08:57:14 INFO  MapTask:1478 - kvstart = 26214396(104857584); kvend = 26095968(104383872); length = 118429/6553600
2020-06-26 08:57:14 INFO  MapTask:1660 - Finished spill 0
2020-06-26 08:57:14 INFO  Task:1001 - Task:attempt_local1516140114_0001_m_000000_0 is done. And is in the process of committing
2020-06-26 08:57:14 INFO  LocalJobRunner:591 - map
2020-06-26 08:57:14 INFO  Task:1121 - Task 'attempt_local1516140114_0001_m_000000_0' done.
2020-06-26 08:57:14 INFO  LocalJobRunner:249 - Finishing task: attempt_local1516140114_0001_m_000000_0
2020-06-26 08:57:14 INFO  LocalJobRunner:456 - map task executor complete.
2020-06-26 08:57:14 INFO  LocalJobRunner:448 - Waiting for reduce tasks
2020-06-26 08:57:14 INFO  LocalJobRunner:302 - Starting task: attempt_local1516140114_0001_r_000000_0
2020-06-26 08:57:14 INFO  Task:587 -  Using ResourceCalculatorProcessTree : [ ]
2020-06-26 08:57:14 INFO  ReduceTask:362 - Using ShuffleConsumerPlugin: org.apache.hadoop.mapreduce.task.reduce.Shuffle@26f470fb
2020-06-26 08:57:14 INFO  MergeManagerImpl:196 - MergerManager: memoryLimit=1503238528, maxSingleShuffleLimit=375809632, mergeThreshold=992137472, ioSortFactor=10, memToMemMergeOutputsThreshold=10
2020-06-26 08:57:14 INFO  EventFetcher:61 - attempt_local1516140114_0001_r_000000_0 Thread started: EventFetcher for fetching Map Completion Events
2020-06-26 08:57:14 INFO  LocalFetcher:141 - localfetcher#1 about to shuffle output of map attempt_local1516140114_0001_m_000000_0 decomp: 16 len: 20 to MEMORY
2020-06-26 08:57:14 INFO  InMemoryMapOutput:100 - Read 16 bytes from map-output for attempt_local1516140114_0001_m_000000_0
2020-06-26 08:57:14 INFO  MergeManagerImpl:314 - closeInMemoryFile -> map-output of size: 16, inMemoryMapOutputs.size() -> 1, commitMemory -> 0, usedMemory ->16
2020-06-26 08:57:14 INFO  EventFetcher:76 - EventFetcher is interrupted.. Returning
2020-06-26 08:57:14 INFO  LocalJobRunner:591 - 1 / 1 copied.
2020-06-26 08:57:14 INFO  MergeManagerImpl:674 - finalMerge called with 1 in-memory map-outputs and 0 on-disk map-outputs
2020-06-26 08:57:14 INFO  Merger:597 - Merging 1 sorted segments
2020-06-26 08:57:14 INFO  Merger:696 - Down to the last merge-pass, with 1 segments left of total size: 10 bytes
2020-06-26 08:57:14 INFO  MergeManagerImpl:751 - Merged 1 segments, 16 bytes to disk to satisfy reduce memory limit
2020-06-26 08:57:14 INFO  MergeManagerImpl:781 - Merging 1 files, 20 bytes from disk
2020-06-26 08:57:14 INFO  MergeManagerImpl:796 - Merging 0 segments, 0 bytes from memory into reduce
2020-06-26 08:57:14 INFO  Merger:597 - Merging 1 sorted segments
2020-06-26 08:57:14 INFO  Merger:696 - Down to the last merge-pass, with 1 segments left of total size: 10 bytes
2020-06-26 08:57:14 INFO  LocalJobRunner:591 - 1 / 1 copied.
2020-06-26 08:57:14 INFO  deprecation:1049 - mapred.skip.on is deprecated. Instead, use mapreduce.job.skiprecords
2020-06-26 08:57:14 INFO  Task:1001 - Task:attempt_local1516140114_0001_r_000000_0 is done. And is in the process of committing
2020-06-26 08:57:14 INFO  LocalJobRunner:591 - 1 / 1 copied.
2020-06-26 08:57:14 INFO  Task:1162 - Task attempt_local1516140114_0001_r_000000_0 is allowed to commit now
2020-06-26 08:57:14 INFO  FileOutputCommitter:439 - Saved output of task 'attempt_local1516140114_0001_r_000000_0' to file:/home/ravigupta/Workspace/bigdata/mapreduce/data/outputaverage/_temporary/0/task_local1516140114_0001_r_000000
2020-06-26 08:57:14 INFO  LocalJobRunner:591 - reduce > reduce
2020-06-26 08:57:14 INFO  Task:1121 - Task 'attempt_local1516140114_0001_r_000000_0' done.
2020-06-26 08:57:14 INFO  LocalJobRunner:325 - Finishing task: attempt_local1516140114_0001_r_000000_0
2020-06-26 08:57:14 INFO  LocalJobRunner:456 - reduce task executor complete.
2020-06-26 08:57:14 INFO  Job:1366 - Job job_local1516140114_0001 running in uber mode : false
2020-06-26 08:57:14 INFO  Job:1373 -  map 100% reduce 100%
2020-06-26 08:57:14 INFO  Job:1384 - Job job_local1516140114_0001 completed successfully
2020-06-26 08:57:14 INFO  Job:1391 - Counters: 33
	File System Counters
		FILE: Number of bytes read=341854
		FILE: Number of bytes written=514389
		FILE: Number of read operations=0
		FILE: Number of large read operations=0
		FILE: Number of write operations=0
	Map-Reduce Framework
		Map input records=3772
		Map output records=29608
		Map output bytes=355296
		Map output materialized bytes=20
		Input split bytes=128
		Combine input records=29608
		Combine output records=1
		Reduce input groups=1
		Reduce shuffle bytes=20
		Reduce input records=1
		Reduce output records=1
		Spilled Records=2
		Shuffled Maps =1
		Failed Shuffles=0
		Merged Map outputs=1
		GC time elapsed (ms)=6
		CPU time spent (ms)=0
		Physical memory (bytes) snapshot=0
		Virtual memory (bytes) snapshot=0
		Total committed heap usage (bytes)=494927872
	Shuffle Errors
		BAD_ID=0
		CONNECTION=0
		IO_ERROR=0
		WRONG_LENGTH=0
		WRONG_MAP=0
		WRONG_REDUCE=0
	File Input Format Counters 
		Bytes Read=170706
	File Output Format Counters 
		Bytes Written=23
